<?xml version="1.0" encoding="UTF-8"?>
<!-- Generated by org.testng.reporters.JUnitXMLReporter -->
<testsuite ignored="0" hostname="NaveensHP" failures="0" tests="5" name="Default test" time="7.668" errors="0" timestamp="2021-03-18T16:18:38 EDT">
  <testcase classname="Academy.FunctionalTest" name="BODMAStest" time="1.158"/>
  <testcase classname="Academy.FunctionalTest" name="addtest" time="0.759"/>
  <testcase classname="Academy.FunctionalTest" name="subtest" time="0.602"/>
  <testcase classname="Academy.FunctionalTest" name="MultiplicationTest" time="0.386"/>
  <testcase classname="Academy.FunctionalTest" name="DIVTest" time="0.361"/>
</testsuite> <!-- Default test -->
