-------------------------------------------------------------------------------
Test set: TestSuite
-------------------------------------------------------------------------------
Tests run: 10, Failures: 1, Errors: 0, Skipped: 0, Time elapsed: 19.97 s <<< FAILURE! - in TestSuite
Academy.NegativeTest.dividezerobyzero  Time elapsed: 0.235 s  <<< FAILURE!
junit.framework.ComparisonFailure: expected:<ERR> but was:<NaN>
	at Academy.NegativeTest.dividezerobyzero(NegativeTest.java:85)

