<?xml version="1.0" encoding="UTF-8"?>
<testsuite xmlns:xsi="http://www.w3.org/2001/XMLSchema-instance" xsi:noNamespaceSchemaLocation="https://maven.apache.org/surefire/maven-surefire-plugin/xsd/surefire-test-report-3.0.xsd" version="3.0" name="TestSuite" time="19.97" tests="10" errors="0" skipped="0" failures="1">
  <properties>
[...]
</properties>
  <testcase name="dividenumberbyzero" classname="Academy.NegativeTest" time="0.766">
    <system-out><![CDATA[chrome
chrome
chrome
Infinity
]]></system-out>
    <system-err><![CDATA[Starting ChromeDriver 89.0.4389.23 (61b08ee2c50024bab004e48d2b1b083cdbdac579-refs/branch-heads/4389@{#294}) on port 1713
Only local connections are allowed.
Please see https://chromedriver.chromium.org/security-considerations for suggestions on keeping ChromeDriver safe.
ChromeDriver was started successfully.
Mar 19, 2021 12:22:48 PM org.openqa.selenium.remote.ProtocolHandshake createSession
INFO: Detected dialect: W3C
Starting ChromeDriver 89.0.4389.23 (61b08ee2c50024bab004e48d2b1b083cdbdac579-refs/branch-heads/4389@{#294}) on port 4413
Only local connections are allowed.
Please see https://chromedriver.chromium.org/security-considerations for suggestions on keeping ChromeDriver safe.
ChromeDriver was started successfully.
Mar 19, 2021 12:22:51 PM org.openqa.selenium.remote.ProtocolHandshake createSession
INFO: Detected dialect: W3C
Starting ChromeDriver 89.0.4389.23 (61b08ee2c50024bab004e48d2b1b083cdbdac579-refs/branch-heads/4389@{#294}) on port 20029
Only local connections are allowed.
Please see https://chromedriver.chromium.org/security-considerations for suggestions on keeping ChromeDriver safe.
ChromeDriver was started successfully.
Mar 19, 2021 12:22:55 PM org.openqa.selenium.remote.ProtocolHandshake createSession
INFO: Detected dialect: W3C
]]></system-err>
  </testcase>
  <testcase name="dividezerobynumber" classname="Academy.NegativeTest" time="0.273">
    <system-out><![CDATA[0
]]></system-out>
  </testcase>
  <testcase name="dividezerobyzero" classname="Academy.NegativeTest" time="0.235">
    <failure message="expected:&lt;ERR&gt; but was:&lt;NaN&gt;" type="junit.framework.ComparisonFailure"><![CDATA[junit.framework.ComparisonFailure: expected:<ERR> but was:<NaN>
	at Academy.NegativeTest.dividezerobyzero(NegativeTest.java:85)
]]></failure>
    <system-out><![CDATA[NaN
]]></system-out>
  </testcase>
  <testcase name="BODMAStest" classname="Academy.FunctionalTest" time="0.75">
    <system-out><![CDATA[8
]]></system-out>
  </testcase>
  <testcase name="addtest" classname="Academy.FunctionalTest" time="0.442">
    <system-out><![CDATA[3
]]></system-out>
  </testcase>
  <testcase name="subtest" classname="Academy.FunctionalTest" time="0.37">
    <system-out><![CDATA[4
]]></system-out>
  </testcase>
  <testcase name="MultiplicationTest" classname="Academy.FunctionalTest" time="0.299">
    <system-out><![CDATA[10
]]></system-out>
  </testcase>
  <testcase name="DIVTest" classname="Academy.FunctionalTest" time="0.28">
    <system-out><![CDATA[3.5
]]></system-out>
  </testcase>
  <testcase name="deletekeycheck" classname="Academy.operationalTestcases" time="0.371"/>
  <testcase name="checknumbersworking" classname="Academy.operationalTestcases" time="0.56">
    <system-out><![CDATA[123456789
]]></system-out>
  </testcase>
</testsuite>