<?xml version="1.0" encoding="UTF-8"?>
<!-- Generated by org.testng.reporters.JUnitXMLReporter -->
<testsuite ignored="0" hostname="NaveensHP" failures="1" tests="10" name="Validating Positive test cases" time="40.069" errors="0" timestamp="2021-03-18T16:52:45 EDT">
  <testcase classname="Academy.NegativeTest" name="dividenumberbyzero" time="1.609"/>
  <testcase classname="Academy.NegativeTest" name="dividezerobynumber" time="0.496"/>
  <testcase classname="Academy.NegativeTest" name="dividezerobyzero" time="0.506">
    <failure type="junit.framework.ComparisonFailure" message="expected:&amp;lt;ERR&amp;gt; but was:&amp;lt;NaN&amp;gt;">
      <![CDATA[junit.framework.ComparisonFailure: expected:<ERR> but was:<NaN>
at junit.framework.Assert.assertEquals(Assert.java:81)
at junit.framework.Assert.assertEquals(Assert.java:87)
at Academy.NegativeTest.dividezerobyzero(NegativeTest.java:85)
at java.base/java.util.ArrayList.forEach(ArrayList.java:1511)
at java.base/java.util.concurrent.FutureTask.run(FutureTask.java:264)
at java.base/java.util.concurrent.ThreadPoolExecutor.runWorker(ThreadPoolExecutor.java:1130)
at java.base/java.util.concurrent.ThreadPoolExecutor$Worker.run(ThreadPoolExecutor.java:630)
at java.base/java.lang.Thread.run(Thread.java:832)
... Removed 18 stack frames]]>
    </failure>
  </testcase> <!-- dividezerobyzero -->
  <testcase classname="Academy.FunctionalTest" name="BODMAStest" time="2.871"/>
  <testcase classname="Academy.operationalTestcases" name="deletekeycheck" time="0.258"/>
  <testcase classname="Academy.FunctionalTest" name="addtest" time="0.813"/>
  <testcase classname="Academy.operationalTestcases" name="checknumbersworking" time="0.906"/>
  <testcase classname="Academy.FunctionalTest" name="subtest" time="0.763"/>
  <testcase classname="Academy.FunctionalTest" name="MultiplicationTest" time="0.511"/>
  <testcase classname="Academy.FunctionalTest" name="DIVTest" time="0.669"/>
</testsuite> <!-- Validating Positive test cases -->
