<?xml version="1.0" encoding="UTF-8"?>
<testng-results ignored="0" total="10" passed="9" failed="1" skipped="0">
  <reporter-output>
  </reporter-output>
  <suite started-at="2021-03-18T16:52:05 EDT" name="Suite" finished-at="2021-03-18T16:52:45 EDT" duration-ms="40069">
    <groups>
    </groups>
    <test started-at="2021-03-18T16:52:05 EDT" name="Validating Positive test cases" finished-at="2021-03-18T16:52:45 EDT" duration-ms="40069">
      <class name="Academy.operationalTestcases">
        <test-method is-config="true" signature="initialize()[pri:0, instance:Academy.operationalTestcases@a77614d]" started-at="2021-03-18T16:52:18 EDT" name="initialize" finished-at="2021-03-18T16:52:30 EDT" duration-ms="12174" status="PASS">
          <reporter-output>
          </reporter-output>
        </test-method> <!-- initialize -->
        <test-method signature="deletekeycheck()[pri:1, instance:Academy.operationalTestcases@a77614d]" started-at="2021-03-18T16:52:39 EDT" name="deletekeycheck" finished-at="2021-03-18T16:52:39 EDT" duration-ms="258" status="PASS">
          <reporter-output>
          </reporter-output>
        </test-method> <!-- deletekeycheck -->
        <test-method signature="checknumbersworking()[pri:2, instance:Academy.operationalTestcases@a77614d]" started-at="2021-03-18T16:52:40 EDT" name="checknumbersworking" finished-at="2021-03-18T16:52:41 EDT" duration-ms="906" status="PASS">
          <reporter-output>
          </reporter-output>
        </test-method> <!-- checknumbersworking -->
        <test-method is-config="true" signature="teardown()[pri:0, instance:Academy.operationalTestcases@a77614d]" started-at="2021-03-18T16:52:44 EDT" name="teardown" finished-at="2021-03-18T16:52:45 EDT" duration-ms="306" status="PASS">
          <reporter-output>
          </reporter-output>
        </test-method> <!-- teardown -->
      </class> <!-- Academy.operationalTestcases -->
      <class name="Academy.FunctionalTest">
        <test-method is-config="true" signature="initialize()[pri:0, instance:Academy.FunctionalTest@4b6166aa]" started-at="2021-03-18T16:52:05 EDT" name="initialize" finished-at="2021-03-18T16:52:10 EDT" duration-ms="5698" status="PASS">
          <reporter-output>
          </reporter-output>
        </test-method> <!-- initialize -->
        <test-method signature="BODMAStest()[pri:1, instance:Academy.FunctionalTest@4b6166aa]" started-at="2021-03-18T16:52:36 EDT" name="BODMAStest" finished-at="2021-03-18T16:52:39 EDT" duration-ms="2871" status="PASS">
          <reporter-output>
          </reporter-output>
        </test-method> <!-- BODMAStest -->
        <test-method signature="addtest()[pri:2, instance:Academy.FunctionalTest@4b6166aa]" started-at="2021-03-18T16:52:39 EDT" name="addtest" finished-at="2021-03-18T16:52:40 EDT" duration-ms="813" status="PASS">
          <reporter-output>
          </reporter-output>
        </test-method> <!-- addtest -->
        <test-method signature="subtest()[pri:3, instance:Academy.FunctionalTest@4b6166aa]" started-at="2021-03-18T16:52:41 EDT" name="subtest" finished-at="2021-03-18T16:52:41 EDT" duration-ms="763" status="PASS">
          <reporter-output>
          </reporter-output>
        </test-method> <!-- subtest -->
        <test-method signature="MultiplicationTest()[pri:4, instance:Academy.FunctionalTest@4b6166aa]" started-at="2021-03-18T16:52:41 EDT" name="MultiplicationTest" finished-at="2021-03-18T16:52:42 EDT" duration-ms="511" status="PASS">
          <reporter-output>
          </reporter-output>
        </test-method> <!-- MultiplicationTest -->
        <test-method signature="DIVTest()[pri:5, instance:Academy.FunctionalTest@4b6166aa]" started-at="2021-03-18T16:52:42 EDT" name="DIVTest" finished-at="2021-03-18T16:52:42 EDT" duration-ms="669" status="PASS">
          <reporter-output>
          </reporter-output>
        </test-method> <!-- DIVTest -->
        <test-method is-config="true" signature="teardown()[pri:0, instance:Academy.FunctionalTest@4b6166aa]" started-at="2021-03-18T16:52:42 EDT" name="teardown" finished-at="2021-03-18T16:52:44 EDT" duration-ms="1440" status="PASS">
          <reporter-output>
          </reporter-output>
        </test-method> <!-- teardown -->
      </class> <!-- Academy.FunctionalTest -->
      <class name="Academy.NegativeTest">
        <test-method is-config="true" signature="initialize()[pri:0, instance:Academy.NegativeTest@4fd4cae3]" started-at="2021-03-18T16:52:10 EDT" name="initialize" finished-at="2021-03-18T16:52:18 EDT" duration-ms="7834" status="PASS">
          <reporter-output>
          </reporter-output>
        </test-method> <!-- initialize -->
        <test-method signature="dividenumberbyzero()[pri:0, instance:Academy.NegativeTest@4fd4cae3]" started-at="2021-03-18T16:52:30 EDT" name="dividenumberbyzero" finished-at="2021-03-18T16:52:32 EDT" duration-ms="1609" status="PASS">
          <reporter-output>
          </reporter-output>
        </test-method> <!-- dividenumberbyzero -->
        <test-method signature="dividezerobynumber()[pri:0, instance:Academy.NegativeTest@4fd4cae3]" started-at="2021-03-18T16:52:32 EDT" name="dividezerobynumber" finished-at="2021-03-18T16:52:33 EDT" duration-ms="496" status="PASS">
          <reporter-output>
          </reporter-output>
        </test-method> <!-- dividezerobynumber -->
        <test-method signature="dividezerobyzero()[pri:0, instance:Academy.NegativeTest@4fd4cae3]" started-at="2021-03-18T16:52:33 EDT" name="dividezerobyzero" finished-at="2021-03-18T16:52:33 EDT" duration-ms="506" status="FAIL">
          <exception class="junit.framework.ComparisonFailure">
            <message>
              <![CDATA[expected:<ERR> but was:<NaN>]]>
            </message>
            <full-stacktrace>
              <![CDATA[junit.framework.ComparisonFailure: expected:<ERR> but was:<NaN>
at junit.framework.Assert.assertEquals(Assert.java:81)
at junit.framework.Assert.assertEquals(Assert.java:87)
at Academy.NegativeTest.dividezerobyzero(NegativeTest.java:85)
at java.base/jdk.internal.reflect.NativeMethodAccessorImpl.invoke0(Native Method)
at java.base/jdk.internal.reflect.NativeMethodAccessorImpl.invoke(NativeMethodAccessorImpl.java:64)
at java.base/jdk.internal.reflect.DelegatingMethodAccessorImpl.invoke(DelegatingMethodAccessorImpl.java:43)
at java.base/java.lang.reflect.Method.invoke(Method.java:564)
at org.testng.internal.MethodInvocationHelper.invokeMethod(MethodInvocationHelper.java:132)
at org.testng.internal.TestInvoker.invokeMethod(TestInvoker.java:599)
at org.testng.internal.TestInvoker.invokeTestMethod(TestInvoker.java:174)
at org.testng.internal.MethodRunner.runInSequence(MethodRunner.java:46)
at org.testng.internal.TestInvoker$MethodInvocationAgent.invoke(TestInvoker.java:822)
at org.testng.internal.TestInvoker.invokeTestMethods(TestInvoker.java:147)
at org.testng.internal.TestMethodWorker.invokeTestMethods(TestMethodWorker.java:146)
at org.testng.internal.TestMethodWorker.run(TestMethodWorker.java:128)
at java.base/java.util.ArrayList.forEach(ArrayList.java:1511)
at org.testng.TestRunner.privateRun(TestRunner.java:764)
at org.testng.TestRunner.run(TestRunner.java:585)
at org.testng.SuiteRunner.runTest(SuiteRunner.java:384)
at org.testng.SuiteRunner.access$000(SuiteRunner.java:28)
at org.testng.SuiteRunner$SuiteWorker.run(SuiteRunner.java:425)
at org.testng.internal.thread.ThreadUtil.lambda$execute$0(ThreadUtil.java:66)
at java.base/java.util.concurrent.FutureTask.run(FutureTask.java:264)
at java.base/java.util.concurrent.ThreadPoolExecutor.runWorker(ThreadPoolExecutor.java:1130)
at java.base/java.util.concurrent.ThreadPoolExecutor$Worker.run(ThreadPoolExecutor.java:630)
at java.base/java.lang.Thread.run(Thread.java:832)
]]>
            </full-stacktrace>
          </exception> <!-- junit.framework.ComparisonFailure -->
          <reporter-output>
          </reporter-output>
        </test-method> <!-- dividezerobyzero -->
        <test-method is-config="true" signature="teardown()[pri:0, instance:Academy.NegativeTest@4fd4cae3]" started-at="2021-03-18T16:52:44 EDT" name="teardown" finished-at="2021-03-18T16:52:44 EDT" duration-ms="511" status="PASS">
          <reporter-output>
          </reporter-output>
        </test-method> <!-- teardown -->
      </class> <!-- Academy.NegativeTest -->
    </test> <!-- Validating Positive test cases -->
  </suite> <!-- Suite -->
</testng-results>
