<?xml version="1.0" encoding="UTF-8"?>
<!-- Generated by org.testng.reporters.JUnitXMLReporter -->
<testsuite hostname="NaveensHP" failures="1" tests="10" name="Validating Positive test cases" time="18.258" errors="0" timestamp="19 Mar 2021 16:23:04 GMT">
  <testcase classname="Academy.NegativeTest" name="dividenumberbyzero" time="0.875"/>
  <testcase classname="Academy.NegativeTest" name="dividezerobynumber" time="0.273"/>
  <testcase classname="Academy.NegativeTest" name="dividezerobyzero" time="0.231">
    <failure type="junit.framework.ComparisonFailure" message="expected:&amp;lt;ERR&amp;gt; but was:&amp;lt;NaN&amp;gt;">
      <![CDATA[junit.framework.ComparisonFailure: expected:<ERR> but was:<NaN>
	at junit.framework.Assert.assertEquals(Assert.java:81)
	at junit.framework.Assert.assertEquals(Assert.java:87)
	at Academy.NegativeTest.dividezerobyzero(NegativeTest.java:85)
	at java.base/java.util.concurrent.FutureTask.run(FutureTask.java:264)
	at java.base/java.util.concurrent.ThreadPoolExecutor.runWorker(ThreadPoolExecutor.java:1130)
	at java.base/java.util.concurrent.ThreadPoolExecutor$Worker.run(ThreadPoolExecutor.java:630)
	at java.base/java.lang.Thread.run(Thread.java:832)
... Removed 16 stack frames]]>
    </failure>
  </testcase> <!-- dividezerobyzero -->
  <testcase classname="Academy.FunctionalTest" name="BODMAStest" time="0.749"/>
  <testcase classname="Academy.operationalTestcases" name="deletekeycheck" time="0.371"/>
  <testcase classname="Academy.FunctionalTest" name="addtest" time="0.44"/>
  <testcase classname="Academy.operationalTestcases" name="checknumbersworking" time="0.56"/>
  <testcase classname="Academy.FunctionalTest" name="subtest" time="0.371"/>
  <testcase classname="Academy.FunctionalTest" name="MultiplicationTest" time="0.298"/>
  <testcase classname="Academy.FunctionalTest" name="DIVTest" time="0.28"/>
</testsuite> <!-- Validating Positive test cases -->
